<?xml version="1.0" encoding="UTF-8"?>
<!-- Generated by org.testng.reporters.JUnitXMLReporter -->
<testsuite hostname="DESKTOP-INQUNRP" ignored="0" name="Default test" tests="3" failures="0" timestamp="27 Aug 2020 23:49:04 GMT" time="5.852" errors="0">
  <testcase name="getAuthKey" time="3.04" classname="com.APITestingFramework.rough.TestPayPal"/>
  <testcase name="createOrder" time="2.126" classname="com.APITestingFramework.rough.TestPayPal"/>
  <testcase name="getOrder" time="0.64" classname="com.APITestingFramework.rough.TestPayPal"/>
</testsuite> <!-- Default test -->
